<Sep12-2023> <17:36:39>  AMS 2023.101  RunTime: Sep12-2023 17:36:39  ShM Nodes: 1  Procs: 6
<Sep12-2023> <17:36:40>  ADF 2023.101  RunTime: Sep12-2023 17:36:40  ShM Nodes: 1  Procs: 6
<Sep12-2023> <17:36:40>  *** (NO TITLE) ***
<Sep12-2023> <17:36:40>  DIRAC 2023.101  RunTime: Sep12-2023 17:36:40  ShM Nodes: 1  Procs: 1
<Sep12-2023> <17:36:40>  Hydrogen (DZ)
<Sep12-2023> <17:36:41>  Net Charge: 0 (Nuclei minus Electrons)
<Sep12-2023> <17:36:41>  Symmetry  : ATOM
<Sep12-2023> <17:36:41>  Coordinates
<Sep12-2023> <17:36:41>     Atom         X           Y           Z   (Angstrom)
<Sep12-2023> <17:36:41>     1.H         0.000000    0.000000    0.000000
<Sep12-2023> <17:36:41>  >>>> CORORT
<Sep12-2023> <17:36:41>  >>>> CLSMAT
<Sep12-2023> <17:36:41>  >>>> ORTHON
<Sep12-2023> <17:36:41>  >>>> GENPT
<Sep12-2023> <17:36:41>  Block Length=  64
<Sep12-2023> <17:36:41>  >>>> PTBAS
<Sep12-2023> <17:36:41>  >>>> CYCLE
<Sep12-2023> <17:36:41>              |Error|         MaxErr       Wt(A-DIIS)
<Sep12-2023> <17:36:41>      1      0.00000000      0.00000000
<Sep12-2023> <17:36:41>      2      0.04821251      0.04821251
<Sep12-2023> <17:36:41>      3      0.00844499      0.00844499    100.0
<Sep12-2023> <17:36:41>      4      0.00142361      0.00142361      0.4
<Sep12-2023> <17:36:41>      5      0.00000254      0.00000254      0.0
<Sep12-2023> <17:36:41>      6      0.00000000      0.00000000      0.0
<Sep12-2023> <17:36:41>  SCF converged
<Sep12-2023> <17:36:41>      7      0.00000000      0.00000000      0.0
<Sep12-2023> <17:36:41>  >>>> POPAN
<Sep12-2023> <17:36:41>  >>>> DEBYE
<Sep12-2023> <17:36:41>  *** adf ***
<Sep12-2023> <17:36:41>  Net Charge: 0 (Nuclei minus Electrons)
<Sep12-2023> <17:36:41>  Symmetry  : D(LIN)
<Sep12-2023> <17:36:41>  >>>> FRAGM
<Sep12-2023> <17:36:41>  Coordinates
<Sep12-2023> <17:36:41>     Atom         X           Y           Z   (Angstrom)
<Sep12-2023> <17:36:41>     1.H         0.000000    0.000000    0.368583
<Sep12-2023> <17:36:41>     2.H         0.000000    0.000000   -0.368583
<Sep12-2023> <17:36:41>  >>>> CORORT
<Sep12-2023> <17:36:41>  >>>> CLSMAT
<Sep12-2023> <17:36:41>  >>>> ORTHON
<Sep12-2023> <17:36:41>  >>>> GENPT
<Sep12-2023> <17:36:41>  Block Length= 126
<Sep12-2023> <17:36:41>  >>>> PTBAS
<Sep12-2023> <17:36:41>  >>>> CYCLE
<Sep12-2023> <17:36:41>              |Error|         MaxErr       Wt(A-DIIS)
<Sep12-2023> <17:36:41>      1      0.32989770      0.32404879
<Sep12-2023> <17:36:41>      2      0.09986373      0.09986373
<Sep12-2023> <17:36:41>      3      0.02905267      0.02905267    100.0
<Sep12-2023> <17:36:41>      4      0.00841389      0.00841389      7.5
<Sep12-2023> <17:36:41>      5      0.00017110      0.00017110      0.0
<Sep12-2023> <17:36:41>      6      0.00000008      0.00000008      0.0
<Sep12-2023> <17:36:41>  SCF converged
<Sep12-2023> <17:36:41>      7      0.00000000      0.00000000      0.0
<Sep12-2023> <17:36:41>  >>>> TOTEN
<Sep12-2023> <17:36:41>  >>>> POPAN
<Sep12-2023> <17:36:42>  >>>> DEBYE
<Sep12-2023> <17:36:42>  >>>> AMETS
<Sep12-2023> <17:36:42>   Bond Energy          -0.24289177 a.u.
<Sep12-2023> <17:36:42>   Bond Energy          -6.60942131 eV
<Sep12-2023> <17:36:42>   Bond Energy        -152.42       kcal/mol
<Sep12-2023> <17:36:42>  >>>> POPUL
<Sep12-2023> <17:36:42>  NORMAL TERMINATION
